2025-12-29 10:09:21,579 - __main__ - INFO - ======================================================================
2025-12-29 10:09:21,579 - __main__ - INFO - G×E Crop Trait Prediction - Inference
2025-12-29 10:09:21,579 - __main__ - INFO - ======================================================================
2025-12-29 10:09:21,593 - __main__ - INFO - Using device: mps
2025-12-29 10:09:21,594 - __main__ - INFO - Loading model from outputs/run_20251229_095600/best_model.pt
2025-12-29 10:09:21,704 - __main__ - INFO - Model trained at epoch 18
2025-12-29 10:09:21,704 - __main__ - INFO - Validation R²: 0.5967
2025-12-29 10:09:21,754 - __main__ - INFO - Model loaded successfully
2025-12-29 10:09:21,754 - __main__ - INFO - Loading test data from ./Testing_data
2025-12-29 10:09:21,754 - __main__ - INFO - Using observed values file for evaluation
2025-12-29 10:09:21,754 - __main__ - INFO - Loading genetic data...
2025-12-29 10:09:22,744 - __main__ - INFO - Genetic data shape: (5899, 2397)
2025-12-29 10:09:22,745 - __main__ - INFO - Loading test environment data...
2025-12-29 10:09:22,756 - __main__ - INFO - Environment data shape: (15, 684)
2025-12-29 10:09:22,756 - __main__ - INFO - Loading test sample IDs...
2025-12-29 10:09:22,762 - __main__ - INFO - Test samples: 9486
2025-12-29 10:09:22,762 - __main__ - INFO - Aligning test samples...
2025-12-29 10:09:22,800 - __main__ - INFO - Aligned test samples: 6467
2025-12-29 10:09:22,800 - __main__ - INFO - Preprocessing data...
2025-12-29 10:09:22,942 - __main__ - INFO - Running inference...
2025-12-29 10:09:24,880 - __main__ - INFO - Inference complete: 6467 predictions
2025-12-29 10:09:42,405 - __main__ - INFO - ======================================================================
2025-12-29 10:09:42,405 - __main__ - INFO - G×E Crop Trait Prediction - Inference
2025-12-29 10:09:42,405 - __main__ - INFO - ======================================================================
2025-12-29 10:09:42,417 - __main__ - INFO - Using device: mps
2025-12-29 10:09:42,417 - __main__ - INFO - Loading model from outputs/run_20251229_095600/best_model.pt
2025-12-29 10:09:42,514 - __main__ - INFO - Model trained at epoch 18
2025-12-29 10:09:42,514 - __main__ - INFO - Validation R²: 0.5967
2025-12-29 10:09:42,562 - __main__ - INFO - Model loaded successfully
2025-12-29 10:09:42,562 - __main__ - INFO - Loading test data from ./Testing_data
2025-12-29 10:09:42,562 - __main__ - INFO - Using observed values file for evaluation
2025-12-29 10:09:42,562 - __main__ - INFO - Loading genetic data...
2025-12-29 10:09:43,607 - __main__ - INFO - Genetic data shape: (5899, 2397)
2025-12-29 10:09:43,607 - __main__ - INFO - Loading test environment data...
2025-12-29 10:09:43,619 - __main__ - INFO - Environment data shape: (15, 684)
2025-12-29 10:09:43,619 - __main__ - INFO - Loading test sample IDs...
2025-12-29 10:09:43,625 - __main__ - INFO - Test samples: 9486
2025-12-29 10:09:43,625 - __main__ - INFO - Aligning test samples...
2025-12-29 10:09:43,667 - __main__ - INFO - Aligned test samples: 6467
2025-12-29 10:09:43,667 - __main__ - INFO - Preprocessing data...
2025-12-29 10:09:43,818 - __main__ - INFO - Running inference...
2025-12-29 10:09:44,580 - __main__ - INFO - Inference complete: 6467 predictions
2025-12-29 10:09:44,580 - __main__ - INFO - 
==================================================
2025-12-29 10:09:44,580 - __main__ - INFO - Evaluation Results
2025-12-29 10:09:44,580 - __main__ - INFO - ==================================================
2025-12-29 10:09:44,581 - __main__ - INFO -   RMSE:        2.7958
2025-12-29 10:09:44,581 - __main__ - INFO -   R²:          0.0015
2025-12-29 10:09:44,581 - __main__ - INFO -   MAE:         2.2354
2025-12-29 10:09:44,581 - __main__ - INFO -   Correlation: 0.3911
2025-12-29 10:09:44,581 - __main__ - INFO - ==================================================
2025-12-29 10:09:44,594 - __main__ - INFO - Predictions saved to predictions/predictions.csv
2025-12-29 10:09:44,602 - __main__ - INFO - Submission file saved to predictions/submission.csv
2025-12-29 10:09:44,602 - __main__ - INFO - Metrics saved to predictions/evaluation_metrics.json
2025-12-29 10:09:44,604 - __main__ - INFO - 
Prediction complete! Results saved to predictions
2025-12-29 10:09:44,604 - __main__ - INFO - ======================================================================
2025-12-29 13:28:41,090 - __main__ - INFO - ======================================================================
2025-12-29 13:28:41,090 - __main__ - INFO - G×E Crop Trait Prediction - Inference
2025-12-29 13:28:41,090 - __main__ - INFO - ======================================================================
2025-12-29 13:28:41,106 - __main__ - INFO - Using device: mps
2025-12-29 13:28:41,106 - __main__ - INFO - Loading model from outputs/run_20251229_101431/best_model.pt
2025-12-29 13:28:41,220 - __main__ - INFO - Model trained at epoch 3
2025-12-29 13:28:41,221 - __main__ - INFO - Validation R²: 0.5257
2025-12-29 13:28:41,266 - __main__ - INFO - Model loaded successfully
2025-12-29 13:28:41,266 - __main__ - INFO - Loading test data from ./Testing_data
2025-12-29 13:28:41,267 - __main__ - INFO - Using observed values file for evaluation
2025-12-29 13:28:41,267 - __main__ - INFO - Loading genetic data...
2025-12-29 13:28:42,234 - __main__ - INFO - Genetic data shape: (5899, 2397)
2025-12-29 13:28:42,234 - __main__ - INFO - Loading test environment data...
2025-12-29 13:28:42,247 - __main__ - INFO - Environment data shape: (15, 684)
2025-12-29 13:28:42,247 - __main__ - INFO - Loading test sample IDs...
2025-12-29 13:28:42,253 - __main__ - INFO - Test samples: 9486
2025-12-29 13:28:42,253 - __main__ - INFO - Aligning test samples...
2025-12-29 13:28:42,294 - __main__ - INFO - Aligned test samples: 6467
2025-12-29 13:28:42,294 - __main__ - INFO - Preprocessing data...
2025-12-29 13:28:42,430 - __main__ - INFO - Running inference...
2025-12-29 14:54:20,378 - __main__ - INFO - Inference complete: 6467 predictions
2025-12-29 14:54:20,433 - __main__ - INFO - 
==================================================
2025-12-29 14:54:20,433 - __main__ - INFO - Evaluation Results
2025-12-29 14:54:20,433 - __main__ - INFO - ==================================================
2025-12-29 14:54:20,471 - __main__ - INFO -   RMSE:        2.7309
2025-12-29 14:54:20,471 - __main__ - INFO -   R²:          0.0473
2025-12-29 14:54:20,472 - __main__ - INFO -   MAE:         2.1872
2025-12-29 14:54:20,472 - __main__ - INFO -   Correlation: 0.3451
2025-12-29 14:54:20,472 - __main__ - INFO - ==================================================
2025-12-29 14:54:20,627 - __main__ - INFO - Predictions saved to predictions/predictions.csv
2025-12-29 14:54:20,644 - __main__ - INFO - Submission file saved to predictions/submission.csv
2025-12-29 14:54:20,646 - __main__ - INFO - Metrics saved to predictions/evaluation_metrics.json
2025-12-29 14:54:20,656 - __main__ - INFO - 
Prediction complete! Results saved to predictions
2025-12-29 14:54:20,656 - __main__ - INFO - ======================================================================
2025-12-30 09:27:39,862 - __main__ - INFO - ======================================================================
2025-12-30 09:27:39,863 - __main__ - INFO - G×E Crop Trait Prediction - Inference
2025-12-30 09:27:39,863 - __main__ - INFO - ======================================================================
2025-12-30 09:27:39,878 - __main__ - INFO - Using device: mps
2025-12-30 09:27:39,878 - __main__ - INFO - Loading model from outputs/run_20251229_182404/best_model.pt
2025-12-30 09:27:39,963 - __main__ - INFO - Model trained at epoch 3
2025-12-30 09:27:39,963 - __main__ - INFO - Validation R²: 0.5732
2025-12-30 09:27:39,997 - __main__ - INFO - Model loaded successfully
2025-12-30 09:27:39,997 - __main__ - INFO - Loading test data from ./Testing_data
2025-12-30 09:27:39,997 - __main__ - INFO - Using observed values file for evaluation
2025-12-30 09:27:39,997 - __main__ - INFO - Loading genetic data...
2025-12-30 09:27:41,009 - __main__ - INFO - Genetic data shape: (5899, 2397)
2025-12-30 09:27:41,009 - __main__ - INFO - Loading test environment data...
2025-12-30 09:27:41,021 - __main__ - INFO - Environment data shape: (15, 684)
2025-12-30 09:27:41,021 - __main__ - INFO - Loading test sample IDs...
2025-12-30 09:27:41,028 - __main__ - INFO - Test samples: 9486
2025-12-30 09:27:41,028 - __main__ - INFO - Aligning test samples...
2025-12-30 09:27:41,069 - __main__ - INFO - Aligned test samples: 6467
2025-12-30 09:27:41,069 - __main__ - INFO - Preprocessing data...
2025-12-30 09:27:41,209 - __main__ - INFO - Running inference...
2025-12-30 09:27:41,930 - __main__ - INFO - Inference complete: 6467 predictions
2025-12-30 09:27:41,931 - __main__ - INFO - 
==================================================
2025-12-30 09:27:41,931 - __main__ - INFO - Evaluation Results
2025-12-30 09:27:41,931 - __main__ - INFO - ==================================================
2025-12-30 09:27:41,932 - __main__ - INFO -   RMSE:        2.6384
2025-12-30 09:27:41,932 - __main__ - INFO -   R²:          0.1108
2025-12-30 09:27:41,932 - __main__ - INFO -   MAE:         2.1251
2025-12-30 09:27:41,932 - __main__ - INFO -   Correlation: 0.3524
2025-12-30 09:27:41,932 - __main__ - INFO - ==================================================
2025-12-30 09:27:41,946 - __main__ - INFO - Predictions saved to predictions/predictions.csv
2025-12-30 09:27:41,954 - __main__ - INFO - Submission file saved to predictions/submission.csv
2025-12-30 09:27:41,954 - __main__ - INFO - Metrics saved to predictions/evaluation_metrics.json
2025-12-30 09:27:41,957 - __main__ - INFO - 
Prediction complete! Results saved to predictions
2025-12-30 09:27:41,957 - __main__ - INFO - ======================================================================
2025-12-30 09:29:33,782 - __main__ - INFO - ======================================================================
2025-12-30 09:29:33,782 - __main__ - INFO - G×E Crop Trait Prediction - Inference
2025-12-30 09:29:33,782 - __main__ - INFO - ======================================================================
2025-12-30 09:29:33,794 - __main__ - INFO - Using device: mps
2025-12-30 09:29:33,794 - __main__ - INFO - Loading model from outputs/run_20251229_182640/best_model.pt
2025-12-30 09:29:34,156 - __main__ - INFO - Model trained at epoch 76
2025-12-30 09:29:34,156 - __main__ - INFO - Validation R²: 0.5390
2025-12-30 09:31:03,382 - __main__ - INFO - ======================================================================
2025-12-30 09:31:03,382 - __main__ - INFO - G×E Crop Trait Prediction - Inference
2025-12-30 09:31:03,382 - __main__ - INFO - ======================================================================
2025-12-30 09:31:03,395 - __main__ - INFO - Using device: mps
2025-12-30 09:31:03,395 - __main__ - INFO - Loading model from outputs/run_20251229_182640/best_model.pt
2025-12-30 09:31:03,772 - __main__ - INFO - Model trained at epoch 76
2025-12-30 09:31:03,772 - __main__ - INFO - Validation R²: 0.5390
2025-12-30 09:31:03,772 - __main__ - INFO - Building genetic encoder: cnn_transformer
2025-12-30 09:31:55,170 - __main__ - INFO - ======================================================================
2025-12-30 09:31:55,170 - __main__ - INFO - G×E Crop Trait Prediction - Inference
2025-12-30 09:31:55,170 - __main__ - INFO - ======================================================================
2025-12-30 09:31:55,182 - __main__ - INFO - Using device: mps
2025-12-30 09:31:55,182 - __main__ - INFO - Loading model from outputs/run_20251229_182640/best_model.pt
2025-12-30 09:31:55,563 - __main__ - INFO - Model trained at epoch 76
2025-12-30 09:31:55,563 - __main__ - INFO - Validation R²: 0.5390
2025-12-30 09:31:55,563 - __main__ - INFO - Building genetic encoder: cnn_transformer
2025-12-30 09:31:55,910 - __main__ - INFO - Model loaded successfully
2025-12-30 09:31:55,910 - __main__ - INFO - Loading test data from ./Testing_data
2025-12-30 09:31:55,910 - __main__ - INFO - Using observed values file for evaluation
2025-12-30 09:31:55,910 - __main__ - INFO - Loading genetic data...
2025-12-30 09:31:56,948 - __main__ - INFO - Genetic data shape: (5899, 2397)
2025-12-30 09:31:56,949 - __main__ - INFO - Loading test environment data...
2025-12-30 09:31:56,958 - __main__ - INFO - Environment data shape: (15, 684)
2025-12-30 09:31:56,958 - __main__ - INFO - Loading test sample IDs...
2025-12-30 09:31:56,964 - __main__ - INFO - Test samples: 9486
2025-12-30 09:31:56,964 - __main__ - INFO - Aligning test samples...
2025-12-30 09:31:57,008 - __main__ - INFO - Aligned test samples: 6467
2025-12-30 09:31:57,008 - __main__ - INFO - Preprocessing data...
2025-12-30 09:31:57,159 - __main__ - INFO - Running inference...
2025-12-30 09:32:06,057 - __main__ - INFO - Inference complete: 6467 predictions
2025-12-30 09:32:06,058 - __main__ - INFO - 
==================================================
2025-12-30 09:32:06,058 - __main__ - INFO - Evaluation Results
2025-12-30 09:32:06,058 - __main__ - INFO - ==================================================
2025-12-30 09:32:06,059 - __main__ - INFO -   RMSE:        3.1572
2025-12-30 09:32:06,059 - __main__ - INFO -   R²:          -0.2733
2025-12-30 09:32:06,059 - __main__ - INFO -   MAE:         2.4523
2025-12-30 09:32:06,059 - __main__ - INFO -   Correlation: -0.0522
2025-12-30 09:32:06,059 - __main__ - INFO - ==================================================
2025-12-30 09:32:06,072 - __main__ - INFO - Predictions saved to predictions/predictions.csv
2025-12-30 09:32:06,079 - __main__ - INFO - Submission file saved to predictions/submission.csv
2025-12-30 09:32:06,079 - __main__ - INFO - Metrics saved to predictions/evaluation_metrics.json
2025-12-30 09:32:06,081 - __main__ - INFO - 
Prediction complete! Results saved to predictions
2025-12-30 09:32:06,081 - __main__ - INFO - ======================================================================
