2025-12-28 15:53:42,183 - __main__ - INFO - ======================================================================
2025-12-28 15:53:42,183 - __main__ - INFO - Starting G×E Crop Trait Prediction Training
2025-12-28 15:53:42,183 - __main__ - INFO - ======================================================================
2025-12-28 15:53:42,183 - __main__ - INFO - Using default configuration
2025-12-28 15:53:42,199 - __main__ - INFO - Using device: mps
2025-12-28 15:53:42,199 - __main__ - INFO - Loading data from ./Training_data
2025-12-28 15:53:42,199 - __main__ - INFO - Loading genetic data...
2025-12-28 15:53:43,321 - __main__ - INFO - Genetic data shape: (5899, 2397)
2025-12-28 15:53:43,321 - __main__ - INFO - Loading environment data...
2025-12-28 15:53:43,355 - __main__ - INFO - Environment data shape: (167, 684)
2025-12-28 15:53:43,355 - __main__ - INFO - Loading phenotype data...
2025-12-28 15:53:43,652 - __main__ - INFO - Phenotype data shape: (164921, 1)
2025-12-28 15:53:43,652 - __main__ - INFO - Target traits: ['Yield_Mg_ha']
2025-12-28 15:53:43,652 - __main__ - INFO - Aligning samples...
2025-12-28 15:53:44,165 - __main__ - INFO - Aligned samples: 68558
2025-12-28 15:53:44,165 - __main__ - INFO - Preprocessing data...
2025-12-28 15:53:45,994 - __main__ - INFO - Dataset: 68558 samples, 2397 markers, 684 env features, 1 traits
2025-12-28 15:53:45,998 - __main__ - INFO - Data split: train=47990, val=10283, test=10285
2025-12-28 15:53:46,206 - __main__ - INFO - Building G×E model...
2025-12-28 15:53:46,266 - __main__ - INFO - Model built: 2,547,841 total parameters, 2,547,841 trainable
