2025-12-29 10:14:31,358 - __main__ - INFO - ======================================================================
2025-12-29 10:14:31,358 - __main__ - INFO - Starting G×E Crop Trait Prediction Training
2025-12-29 10:14:31,358 - __main__ - INFO - ======================================================================
2025-12-29 10:14:31,360 - __main__ - INFO - Loaded configuration from configs/maize_transformer.yaml
2025-12-29 10:14:31,373 - __main__ - INFO - Using device: mps
2025-12-29 10:14:31,373 - __main__ - INFO - Loading data from ./Training_data
2025-12-29 10:14:31,373 - __main__ - INFO - Loading genetic data...
2025-12-29 10:14:32,316 - __main__ - INFO - Genetic data shape: (5899, 2397)
2025-12-29 10:14:32,317 - __main__ - INFO - Loading environment data...
2025-12-29 10:14:32,345 - __main__ - INFO - Environment data shape: (167, 684)
2025-12-29 10:14:32,345 - __main__ - INFO - Loading phenotype data...
2025-12-29 10:14:32,614 - __main__ - INFO - Phenotype data shape: (164921, 1)
2025-12-29 10:14:32,614 - __main__ - INFO - Target traits: ['Yield_Mg_ha']
2025-12-29 10:14:32,614 - __main__ - INFO - Aligning samples...
2025-12-29 10:14:33,034 - __main__ - INFO - Aligned samples: 68558
2025-12-29 10:14:33,034 - __main__ - INFO - Preprocessing data...
2025-12-29 10:14:34,397 - __main__ - INFO - Dataset: 68558 samples, 2397 markers, 684 env features, 1 traits
2025-12-29 10:14:34,399 - __main__ - INFO - Data split: train=47990, val=10283, test=10285
2025-12-29 10:14:34,551 - __main__ - INFO - Building G×E model...
2025-12-29 10:14:34,598 - __main__ - INFO - Model built: 3,921,025 total parameters, 3,921,025 trainable
2025-12-29 10:14:35,121 - __main__ - INFO - 
Starting training for 100 epochs...
2025-12-29 10:14:35,121 - __main__ - INFO - Batch size: 8, Learning rate: 0.0003
2025-12-29 10:14:35,121 - __main__ - INFO - ----------------------------------------------------------------------
